<!DOCTYPE html PUBLIC "-//W3C//DTD XHTML 1.1//EN" "https://www.w3.org/TR/xhtml11/DTD/xhtml11.dtd">
<html xmlns="https://www.w3.org/1999/xhtml">

<head>
	<meta http-equiv="content-type" content="text/html; charset=UTF-8" />
	<title>TestNG Report</title>
	<style type="text/css">
		table {
			margin-bottom: 10px;
			border-collapse: collapse;
			empty-cells: show
		}

		th,
		td {
			border: 1px solid #009;
			padding: .25em .5em
		}

		th {
			vertical-align: bottom
		}

		td {
			vertical-align: top
		}

		table a {
			font-weight: bold
		}

		.stripe td {
			background-color: #E6EBF9
		}

		.num {
			text-align: right
		}

		.passedodd td {
			background-color: #3F3
		}

		.passedeven td {
			background-color: #0A0
		}

		.skippedodd td {
			background-color: #DDD
		}

		.skippedeven td {
			background-color: #CCC
		}

		.failedodd td,
		.attn {
			background-color: #F33
		}

		.failedeven td,
		.stripe .attn {
			background-color: #D00
		}

		.stacktrace {
			white-space: pre;
			font-family: monospace
		}

		.totop {
			font-size: 85%;
			text-align: center;
			border-bottom: 2px solid #000
		}

		.invisible {
			display: none
		}
	</style>
</head>

<body>
	<table>
		<tr>
			<th>Test</th>
			<th># Passed</th>
			<th># Skipped</th>
			<th># Retried</th>
			<th># Failed</th>
			<th>Time (ms)</th>
			<th>Included Groups</th>
			<th>Excluded Groups</th>
		</tr>
		<tr>
			<th colspan="8">Default suite</th>
		</tr>
		<tr>
			<td><a href="#t0">Default test</a></td>
			<td class="num">9</td>
			<td class="num">0</td>
			<td class="num">0</td>
			<td class="num attn">5</td>
			<td class="num">128,841</td>
			<td></td>
			<td></td>
		</tr>
	</table>
	<table id='summary'>
		<thead>
			<tr>
				<th>Class</th>
				<th>Method</th>
				<th>Start</th>
				<th>Time (ms)</th>
			</tr>
		</thead>
		<tbody>
			<tr>
				<th colspan="4">Default suite</th>
			</tr>
		</tbody>
		<tbody id="t0">
			<tr>
				<th colspan="4">Default test &#8212; failed</th>
			</tr>
			<tr class="failedeven">
				<td rowspan="5">testSuite.KSGugCourseTests</td>
				<td><a href="#m0">selectCourseBaEL</a></td>
				<td rowspan="1">1699806774901</td>
				<td rowspan="1">308</td>
			</tr>
			<tr class="failedeven">
				<td><a href="#m1">selectCourseBbaCA</a></td>
				<td rowspan="1">1699806775721</td>
				<td rowspan="1">164</td>
			</tr>
			<tr class="failedeven">
				<td><a href="#m2">selectCourseBscECS</a></td>
				<td rowspan="1">1699806754823</td>
				<td rowspan="1">833</td>
			</tr>
			<tr class="failedeven">
				<td><a href="#m3">selectCourseBscMW</a></td>
				<td rowspan="1">1699806749665</td>
				<td rowspan="1">920</td>
			</tr>
			<tr class="failedeven">
				<td><a href="#m4">selectCourseBscP</a></td>
				<td rowspan="1">1699806776386</td>
				<td rowspan="1">2404</td>
			</tr>
			<tr>
				<th colspan="4">Default test &#8212; passed</th>
			</tr>
			<tr class="passedeven">
				<td rowspan="9">testSuite.KSGugCourseTests</td>
				<td><a href="#m5">selectCourseBCA</a></td>
				<td rowspan="1">1699806650938</td>
				<td rowspan="1">89392</td>
			</tr>
			<tr class="passedeven">
				<td><a href="#m6">selectCourseBcom</a></td>
				<td rowspan="1">1699806748033</td>
				<td rowspan="1">1097</td>
			</tr>
			<tr class="passedeven">
				<td><a href="#m7">selectCourseBcomCA</a></td>
				<td rowspan="1">1699806740873</td>
				<td rowspan="1">1119</td>
			</tr>
			<tr class="passedeven">
				<td><a href="#m8">selectCourseBcomPA</a></td>
				<td rowspan="1">1699806742529</td>
				<td rowspan="1">1445</td>
			</tr>
			<tr class="passedeven">
				<td><a href="#m9">selectCourseBscBT</a></td>
				<td rowspan="1">1699806751113</td>
				<td rowspan="1">1491</td>
			</tr>
			<tr class="passedeven">
				<td><a href="#m10">selectCourseBscCSHM</a></td>
				<td rowspan="1">1699806753138</td>
				<td rowspan="1">1159</td>
			</tr>
			<tr class="passedeven">
				<td><a href="#m11">selectCourseBscComputerScience</a></td>
				<td rowspan="1">1699806744505</td>
				<td rowspan="1">1418</td>
			</tr>
			<tr class="passedeven">
				<td><a href="#m12">selectCourseBscInformationTechnology</a></td>
				<td rowspan="1">1699806746440</td>
				<td rowspan="1">1084</td>
			</tr>
			<tr class="passedeven">
				<td><a href="#m13">selectCourseBscM</a></td>
				<td rowspan="1">1699806755868</td>
				<td rowspan="1">18478</td>
			</tr>
		</tbody>
	</table>
	<h2>Default test</h2>
	<h3 id="m0">testSuite.KSGugCourseTests#selectCourseBaEL</h3>
	<table class="result">
		<tr>
			<th>Messages</th>
		</tr>
		<tr>
			<td>
				<div class="messages">This test is failed. its screenshot is kept in
					F:\KSGCollege\KSGAutomationTest\scrsFail1699806637766.png is failed. </div>
			</td>
		</tr>
		<tr>
			<th>Exception</th>
		</tr>
		<tr>
			<td>
				<div class="stacktrace">org.openqa.selenium.ElementNotInteractableException: element not interactable:
					https://www.ksgcollege.com/ENGLISH.php has no size and location
					(Session info: chrome=119.0.6045.124)
					Build info: version: &apos;4.15.0&apos;, revision: &apos;1d14b5521b&apos;
					System info: os.name: &apos;Windows 10&apos;, os.arch: &apos;amd64&apos;, os.version:
					&apos;10.0&apos;, java.version: &apos;17.0.9&apos;
					Driver info: org.openqa.selenium.chrome.ChromeDriver
					Command: [e9fc0a7b70c20a64fb1d2a97c841a022, actions
					{actions=[org.openqa.selenium.interactions.Sequence@30c3ae63]}]
					Capabilities {acceptInsecureCerts: false, browserName: chrome, browserVersion: 119.0.6045.124,
					chrome: {chromedriverVersion: 119.0.6045.105 (38c72552c5e..., userDataDir:
					C:\Users\ADMIN\AppData\Loca...}, fedcm:accounts: true, goog:chromeOptions: {debuggerAddress:
					localhost:54429}, networkConnectionEnabled: false, pageLoadStrategy: normal, platformName: windows,
					proxy: Proxy(), se:cdp: ws://localhost:54429/devtoo..., se:cdpVersion: 119.0.6045.124,
					setWindowRect: true, strictFileInteractability: false, timeouts: {implicit: 60000, pageLoad: 300000,
					script: 30000}, unhandledPromptBehavior: dismiss and notify, webauthn:extension:credBlob: true,
					webauthn:extension:largeBlob: true, webauthn:extension:minPinLength: true, webauthn:extension:prf:
					true, webauthn:virtualAuthenticators: true}
					Session ID: e9fc0a7b70c20a64fb1d2a97c841a022
					at java.base/jdk.internal.reflect.NativeConstructorAccessorImpl.newInstance0(Native Method)
					at
					java.base/jdk.internal.reflect.NativeConstructorAccessorImpl.newInstance(NativeConstructorAccessorImpl.java:77)
					at
					java.base/jdk.internal.reflect.DelegatingConstructorAccessorImpl.newInstance(DelegatingConstructorAccessorImpl.java:45)
					at java.base/java.lang.reflect.Constructor.newInstanceWithCaller(Constructor.java:499)
					at java.base/java.lang.reflect.Constructor.newInstance(Constructor.java:480)
					at
					org.openqa.selenium.remote.codec.w3c.W3CHttpResponseCodec.createException(W3CHttpResponseCodec.java:200)
					at org.openqa.selenium.remote.codec.w3c.W3CHttpResponseCodec.decode(W3CHttpResponseCodec.java:133)
					at org.openqa.selenium.remote.codec.w3c.W3CHttpResponseCodec.decode(W3CHttpResponseCodec.java:52)
					at org.openqa.selenium.remote.HttpCommandExecutor.execute(HttpCommandExecutor.java:191)
					at
					org.openqa.selenium.remote.service.DriverCommandExecutor.invokeExecute(DriverCommandExecutor.java:200)
					at org.openqa.selenium.remote.service.DriverCommandExecutor.execute(DriverCommandExecutor.java:175)
					at org.openqa.selenium.remote.RemoteWebDriver.execute(RemoteWebDriver.java:607)
					at org.openqa.selenium.remote.RemoteWebDriver.perform(RemoteWebDriver.java:693)
					at org.openqa.selenium.interactions.Actions$BuiltAction.perform(Actions.java:598)
					at pageLocatorsRepo.KSGUgCourse.checkBaEL(KSGUgCourse.java:335)
					at testSuite.KSGugCourseTests.selectCourseBaEL(KSGugCourseTests.java:149)
					at java.base/jdk.internal.reflect.NativeMethodAccessorImpl.invoke0(Native Method)
					at java.base/jdk.internal.reflect.NativeMethodAccessorImpl.invoke(NativeMethodAccessorImpl.java:77)
					at
					java.base/jdk.internal.reflect.DelegatingMethodAccessorImpl.invoke(DelegatingMethodAccessorImpl.java:43)
					at java.base/java.lang.reflect.Method.invoke(Method.java:568)
					at org.testng.internal.invokers.MethodInvocationHelper.invokeMethod(MethodInvocationHelper.java:139)
					at org.testng.internal.invokers.TestInvoker.invokeMethod(TestInvoker.java:664)
					at org.testng.internal.invokers.TestInvoker.invokeTestMethod(TestInvoker.java:227)
					at org.testng.internal.invokers.MethodRunner.runInSequence(MethodRunner.java:50)
					at org.testng.internal.invokers.TestInvoker$MethodInvocationAgent.invoke(TestInvoker.java:957)
					at org.testng.internal.invokers.TestInvoker.invokeTestMethods(TestInvoker.java:200)
					at org.testng.internal.invokers.TestMethodWorker.invokeTestMethods(TestMethodWorker.java:148)
					at org.testng.internal.invokers.TestMethodWorker.run(TestMethodWorker.java:128)
					at java.base/java.util.ArrayList.forEach(ArrayList.java:1511)
					at org.testng.TestRunner.privateRun(TestRunner.java:848)
					at org.testng.TestRunner.run(TestRunner.java:621)
					at org.testng.SuiteRunner.runTest(SuiteRunner.java:443)
					at org.testng.SuiteRunner.runSequentially(SuiteRunner.java:437)
					at org.testng.SuiteRunner.privateRun(SuiteRunner.java:397)
					at org.testng.SuiteRunner.run(SuiteRunner.java:336)
					at org.testng.SuiteRunnerWorker.runSuite(SuiteRunnerWorker.java:52)
					at org.testng.SuiteRunnerWorker.run(SuiteRunnerWorker.java:95)
					at org.testng.TestNG.runSuitesSequentially(TestNG.java:1280)
					at org.testng.TestNG.runSuitesLocally(TestNG.java:1200)
					at org.testng.TestNG.runSuites(TestNG.java:1114)
					at org.testng.TestNG.run(TestNG.java:1082)
					at org.testng.remote.AbstractRemoteTestNG.run(AbstractRemoteTestNG.java:115)
					at org.testng.remote.RemoteTestNG.initAndRun(RemoteTestNG.java:251)
					at org.testng.remote.RemoteTestNG.main(RemoteTestNG.java:77)
				</div>
			</td>
		</tr>
	</table>
	<p class="totop"><a href="#summary">back to summary</a></p>
	<h3 id="m1">testSuite.KSGugCourseTests#selectCourseBbaCA</h3>
	<table class="result">
		<tr>
			<th>Messages</th>
		</tr>
		<tr>
			<td>
				<div class="messages">This test is failed. its screenshot is kept in
					F:\KSGCollege\KSGAutomationTest\scrsFail1699806637766.png is failed. </div>
			</td>
		</tr>
		<tr>
			<th>Exception</th>
		</tr>
		<tr>
			<td>
				<div class="stacktrace">org.openqa.selenium.ElementNotInteractableException: element not interactable:
					has no size and location
					(Session info: chrome=119.0.6045.124)
					Build info: version: &apos;4.15.0&apos;, revision: &apos;1d14b5521b&apos;
					System info: os.name: &apos;Windows 10&apos;, os.arch: &apos;amd64&apos;, os.version:
					&apos;10.0&apos;, java.version: &apos;17.0.9&apos;
					Driver info: org.openqa.selenium.chrome.ChromeDriver
					Command: [e9fc0a7b70c20a64fb1d2a97c841a022, actions
					{actions=[org.openqa.selenium.interactions.Sequence@e280403]}]
					Capabilities {acceptInsecureCerts: false, browserName: chrome, browserVersion: 119.0.6045.124,
					chrome: {chromedriverVersion: 119.0.6045.105 (38c72552c5e..., userDataDir:
					C:\Users\ADMIN\AppData\Loca...}, fedcm:accounts: true, goog:chromeOptions: {debuggerAddress:
					localhost:54429}, networkConnectionEnabled: false, pageLoadStrategy: normal, platformName: windows,
					proxy: Proxy(), se:cdp: ws://localhost:54429/devtoo..., se:cdpVersion: 119.0.6045.124,
					setWindowRect: true, strictFileInteractability: false, timeouts: {implicit: 60000, pageLoad: 300000,
					script: 30000}, unhandledPromptBehavior: dismiss and notify, webauthn:extension:credBlob: true,
					webauthn:extension:largeBlob: true, webauthn:extension:minPinLength: true, webauthn:extension:prf:
					true, webauthn:virtualAuthenticators: true}
					Session ID: e9fc0a7b70c20a64fb1d2a97c841a022
					at java.base/jdk.internal.reflect.NativeConstructorAccessorImpl.newInstance0(Native Method)
					at
					java.base/jdk.internal.reflect.NativeConstructorAccessorImpl.newInstance(NativeConstructorAccessorImpl.java:77)
					at
					java.base/jdk.internal.reflect.DelegatingConstructorAccessorImpl.newInstance(DelegatingConstructorAccessorImpl.java:45)
					at java.base/java.lang.reflect.Constructor.newInstanceWithCaller(Constructor.java:499)
					at java.base/java.lang.reflect.Constructor.newInstance(Constructor.java:480)
					at
					org.openqa.selenium.remote.codec.w3c.W3CHttpResponseCodec.createException(W3CHttpResponseCodec.java:200)
					at org.openqa.selenium.remote.codec.w3c.W3CHttpResponseCodec.decode(W3CHttpResponseCodec.java:133)
					at org.openqa.selenium.remote.codec.w3c.W3CHttpResponseCodec.decode(W3CHttpResponseCodec.java:52)
					at org.openqa.selenium.remote.HttpCommandExecutor.execute(HttpCommandExecutor.java:191)
					at
					org.openqa.selenium.remote.service.DriverCommandExecutor.invokeExecute(DriverCommandExecutor.java:200)
					at org.openqa.selenium.remote.service.DriverCommandExecutor.execute(DriverCommandExecutor.java:175)
					at org.openqa.selenium.remote.RemoteWebDriver.execute(RemoteWebDriver.java:607)
					at org.openqa.selenium.remote.RemoteWebDriver.perform(RemoteWebDriver.java:693)
					at org.openqa.selenium.interactions.Actions$BuiltAction.perform(Actions.java:598)
					at pageLocatorsRepo.KSGUgCourse.checkBbaCA(KSGUgCourse.java:357)
					at testSuite.KSGugCourseTests.selectCourseBbaCA(KSGugCourseTests.java:159)
					at java.base/jdk.internal.reflect.NativeMethodAccessorImpl.invoke0(Native Method)
					at java.base/jdk.internal.reflect.NativeMethodAccessorImpl.invoke(NativeMethodAccessorImpl.java:77)
					at
					java.base/jdk.internal.reflect.DelegatingMethodAccessorImpl.invoke(DelegatingMethodAccessorImpl.java:43)
					at java.base/java.lang.reflect.Method.invoke(Method.java:568)
					at org.testng.internal.invokers.MethodInvocationHelper.invokeMethod(MethodInvocationHelper.java:139)
					at org.testng.internal.invokers.TestInvoker.invokeMethod(TestInvoker.java:664)
					at org.testng.internal.invokers.TestInvoker.invokeTestMethod(TestInvoker.java:227)
					at org.testng.internal.invokers.MethodRunner.runInSequence(MethodRunner.java:50)
					at org.testng.internal.invokers.TestInvoker$MethodInvocationAgent.invoke(TestInvoker.java:957)
					at org.testng.internal.invokers.TestInvoker.invokeTestMethods(TestInvoker.java:200)
					at org.testng.internal.invokers.TestMethodWorker.invokeTestMethods(TestMethodWorker.java:148)
					at org.testng.internal.invokers.TestMethodWorker.run(TestMethodWorker.java:128)
					at java.base/java.util.ArrayList.forEach(ArrayList.java:1511)
					at org.testng.TestRunner.privateRun(TestRunner.java:848)
					at org.testng.TestRunner.run(TestRunner.java:621)
					at org.testng.SuiteRunner.runTest(SuiteRunner.java:443)
					at org.testng.SuiteRunner.runSequentially(SuiteRunner.java:437)
					at org.testng.SuiteRunner.privateRun(SuiteRunner.java:397)
					at org.testng.SuiteRunner.run(SuiteRunner.java:336)
					at org.testng.SuiteRunnerWorker.runSuite(SuiteRunnerWorker.java:52)
					at org.testng.SuiteRunnerWorker.run(SuiteRunnerWorker.java:95)
					at org.testng.TestNG.runSuitesSequentially(TestNG.java:1280)
					at org.testng.TestNG.runSuitesLocally(TestNG.java:1200)
					at org.testng.TestNG.runSuites(TestNG.java:1114)
					at org.testng.TestNG.run(TestNG.java:1082)
					at org.testng.remote.AbstractRemoteTestNG.run(AbstractRemoteTestNG.java:115)
					at org.testng.remote.RemoteTestNG.initAndRun(RemoteTestNG.java:251)
					at org.testng.remote.RemoteTestNG.main(RemoteTestNG.java:77)
				</div>
			</td>
		</tr>
	</table>
	<p class="totop"><a href="#summary">back to summary</a></p>
	<h3 id="m2">testSuite.KSGugCourseTests#selectCourseBscECS</h3>
	<table class="result">
		<tr>
			<th>Messages</th>
		</tr>
		<tr>
			<td>
				<div class="messages">This test is failed. its screenshot is kept in
					F:\KSGCollege\KSGAutomationTest\scrsFail1699806637766.png is failed. </div>
			</td>
		</tr>
		<tr>
			<th>Exception</th>
		</tr>
		<tr>
			<td>
				<div class="stacktrace">java.lang.AssertionError: expected [ELECTRONICS AND COMMUNICATION
					SYSTEMS (B.SC)] but found [ELECTRONICS AND COMMUNICATION SYSTEMS (B.SC)]
					at org.testng.Assert.fail(Assert.java:111)
					at org.testng.Assert.failNotEquals(Assert.java:1578)
					at org.testng.Assert.assertEqualsImpl(Assert.java:150)
					at org.testng.Assert.assertEquals(Assert.java:132)
					at org.testng.Assert.assertEquals(Assert.java:656)
					at org.testng.Assert.assertEquals(Assert.java:666)
					at pageLocatorsRepo.KSGUgCourse.checkBscECS(KSGUgCourse.java:295)
					at testSuite.KSGugCourseTests.selectCourseBscECS(KSGugCourseTests.java:129)
					at java.base/jdk.internal.reflect.NativeMethodAccessorImpl.invoke0(Native Method)
					at java.base/jdk.internal.reflect.NativeMethodAccessorImpl.invoke(NativeMethodAccessorImpl.java:77)
					at
					java.base/jdk.internal.reflect.DelegatingMethodAccessorImpl.invoke(DelegatingMethodAccessorImpl.java:43)
					at java.base/java.lang.reflect.Method.invoke(Method.java:568)
					at org.testng.internal.invokers.MethodInvocationHelper.invokeMethod(MethodInvocationHelper.java:139)
					at org.testng.internal.invokers.TestInvoker.invokeMethod(TestInvoker.java:664)
					at org.testng.internal.invokers.TestInvoker.invokeTestMethod(TestInvoker.java:227)
					at org.testng.internal.invokers.MethodRunner.runInSequence(MethodRunner.java:50)
					at org.testng.internal.invokers.TestInvoker$MethodInvocationAgent.invoke(TestInvoker.java:957)
					at org.testng.internal.invokers.TestInvoker.invokeTestMethods(TestInvoker.java:200)
					at org.testng.internal.invokers.TestMethodWorker.invokeTestMethods(TestMethodWorker.java:148)
					at org.testng.internal.invokers.TestMethodWorker.run(TestMethodWorker.java:128)
					at java.base/java.util.ArrayList.forEach(ArrayList.java:1511)
					at org.testng.TestRunner.privateRun(TestRunner.java:848)
					at org.testng.TestRunner.run(TestRunner.java:621)
					at org.testng.SuiteRunner.runTest(SuiteRunner.java:443)
					at org.testng.SuiteRunner.runSequentially(SuiteRunner.java:437)
					at org.testng.SuiteRunner.privateRun(SuiteRunner.java:397)
					at org.testng.SuiteRunner.run(SuiteRunner.java:336)
					at org.testng.SuiteRunnerWorker.runSuite(SuiteRunnerWorker.java:52)
					at org.testng.SuiteRunnerWorker.run(SuiteRunnerWorker.java:95)
					at org.testng.TestNG.runSuitesSequentially(TestNG.java:1280)
					at org.testng.TestNG.runSuitesLocally(TestNG.java:1200)
					at org.testng.TestNG.runSuites(TestNG.java:1114)
					at org.testng.TestNG.run(TestNG.java:1082)
					at org.testng.remote.AbstractRemoteTestNG.run(AbstractRemoteTestNG.java:115)
					at org.testng.remote.RemoteTestNG.initAndRun(RemoteTestNG.java:251)
					at org.testng.remote.RemoteTestNG.main(RemoteTestNG.java:77)
				</div>
			</td>
		</tr>
	</table>
	<p class="totop"><a href="#summary">back to summary</a></p>
	<h3 id="m3">testSuite.KSGugCourseTests#selectCourseBscMW</h3>
	<table class="result">
		<tr>
			<th>Messages</th>
		</tr>
		<tr>
			<td>
				<div class="messages">This test is failed. its screenshot is kept in
					F:\KSGCollege\KSGAutomationTest\scrsFail1699806637766.png is failed. </div>
			</td>
		</tr>
		<tr>
			<th>Exception</th>
		</tr>
		<tr>
			<td>
				<div class="stacktrace">java.lang.AssertionError: expected [Why Choose KSG?] but found [B.Sc Multimedia
					&amp; Webtechnology]
					at org.testng.Assert.fail(Assert.java:111)
					at org.testng.Assert.failNotEquals(Assert.java:1578)
					at org.testng.Assert.assertEqualsImpl(Assert.java:150)
					at org.testng.Assert.assertEquals(Assert.java:132)
					at org.testng.Assert.assertEquals(Assert.java:656)
					at org.testng.Assert.assertEquals(Assert.java:666)
					at pageLocatorsRepo.KSGUgCourse.checkBscMW(KSGUgCourse.java:226)
					at testSuite.KSGugCourseTests.selectCourseBscMW(KSGugCourseTests.java:101)
					at java.base/jdk.internal.reflect.NativeMethodAccessorImpl.invoke0(Native Method)
					at java.base/jdk.internal.reflect.NativeMethodAccessorImpl.invoke(NativeMethodAccessorImpl.java:77)
					at
					java.base/jdk.internal.reflect.DelegatingMethodAccessorImpl.invoke(DelegatingMethodAccessorImpl.java:43)
					at java.base/java.lang.reflect.Method.invoke(Method.java:568)
					at org.testng.internal.invokers.MethodInvocationHelper.invokeMethod(MethodInvocationHelper.java:139)
					at org.testng.internal.invokers.TestInvoker.invokeMethod(TestInvoker.java:664)
					at org.testng.internal.invokers.TestInvoker.invokeTestMethod(TestInvoker.java:227)
					at org.testng.internal.invokers.MethodRunner.runInSequence(MethodRunner.java:50)
					at org.testng.internal.invokers.TestInvoker$MethodInvocationAgent.invoke(TestInvoker.java:957)
					at org.testng.internal.invokers.TestInvoker.invokeTestMethods(TestInvoker.java:200)
					at org.testng.internal.invokers.TestMethodWorker.invokeTestMethods(TestMethodWorker.java:148)
					at org.testng.internal.invokers.TestMethodWorker.run(TestMethodWorker.java:128)
					at java.base/java.util.ArrayList.forEach(ArrayList.java:1511)
					at org.testng.TestRunner.privateRun(TestRunner.java:848)
					at org.testng.TestRunner.run(TestRunner.java:621)
					at org.testng.SuiteRunner.runTest(SuiteRunner.java:443)
					at org.testng.SuiteRunner.runSequentially(SuiteRunner.java:437)
					at org.testng.SuiteRunner.privateRun(SuiteRunner.java:397)
					at org.testng.SuiteRunner.run(SuiteRunner.java:336)
					at org.testng.SuiteRunnerWorker.runSuite(SuiteRunnerWorker.java:52)
					at org.testng.SuiteRunnerWorker.run(SuiteRunnerWorker.java:95)
					at org.testng.TestNG.runSuitesSequentially(TestNG.java:1280)
					at org.testng.TestNG.runSuitesLocally(TestNG.java:1200)
					at org.testng.TestNG.runSuites(TestNG.java:1114)
					at org.testng.TestNG.run(TestNG.java:1082)
					at org.testng.remote.AbstractRemoteTestNG.run(AbstractRemoteTestNG.java:115)
					at org.testng.remote.RemoteTestNG.initAndRun(RemoteTestNG.java:251)
					at org.testng.remote.RemoteTestNG.main(RemoteTestNG.java:77)
				</div>
			</td>
		</tr>
	</table>
	<p class="totop"><a href="#summary">back to summary</a></p>
	<h3 id="m4">testSuite.KSGugCourseTests#selectCourseBscP</h3>
	<table class="result">
		<tr>
			<th>Messages</th>
		</tr>
		<tr>
			<td>
				<div class="messages">This test is failed. its screenshot is kept in
					F:\KSGCollege\KSGAutomationTest\scrsFail1699806637766.png is failed. </div>
			</td>
		</tr>
		<tr>
			<th>Exception</th>
		</tr>
		<tr>
			<td>
				<div class="stacktrace">java.lang.AssertionError: expected [COMMERCE WITH COMPUTER APPLICATIONS] but
					found [B.Sc Psychology]
					at org.testng.Assert.fail(Assert.java:111)
					at org.testng.Assert.failNotEquals(Assert.java:1578)
					at org.testng.Assert.assertEqualsImpl(Assert.java:150)
					at org.testng.Assert.assertEquals(Assert.java:132)
					at org.testng.Assert.assertEquals(Assert.java:656)
					at org.testng.Assert.assertEquals(Assert.java:666)
					at pageLocatorsRepo.KSGUgCourse.checkBscP(KSGUgCourse.java:389)
					at testSuite.KSGugCourseTests.selectCourseBscP(KSGugCourseTests.java:169)
					at java.base/jdk.internal.reflect.NativeMethodAccessorImpl.invoke0(Native Method)
					at java.base/jdk.internal.reflect.NativeMethodAccessorImpl.invoke(NativeMethodAccessorImpl.java:77)
					at
					java.base/jdk.internal.reflect.DelegatingMethodAccessorImpl.invoke(DelegatingMethodAccessorImpl.java:43)
					at java.base/java.lang.reflect.Method.invoke(Method.java:568)
					at org.testng.internal.invokers.MethodInvocationHelper.invokeMethod(MethodInvocationHelper.java:139)
					at org.testng.internal.invokers.TestInvoker.invokeMethod(TestInvoker.java:664)
					at org.testng.internal.invokers.TestInvoker.invokeTestMethod(TestInvoker.java:227)
					at org.testng.internal.invokers.MethodRunner.runInSequence(MethodRunner.java:50)
					at org.testng.internal.invokers.TestInvoker$MethodInvocationAgent.invoke(TestInvoker.java:957)
					at org.testng.internal.invokers.TestInvoker.invokeTestMethods(TestInvoker.java:200)
					at org.testng.internal.invokers.TestMethodWorker.invokeTestMethods(TestMethodWorker.java:148)
					at org.testng.internal.invokers.TestMethodWorker.run(TestMethodWorker.java:128)
					at java.base/java.util.ArrayList.forEach(ArrayList.java:1511)
					at org.testng.TestRunner.privateRun(TestRunner.java:848)
					at org.testng.TestRunner.run(TestRunner.java:621)
					at org.testng.SuiteRunner.runTest(SuiteRunner.java:443)
					at org.testng.SuiteRunner.runSequentially(SuiteRunner.java:437)
					at org.testng.SuiteRunner.privateRun(SuiteRunner.java:397)
					at org.testng.SuiteRunner.run(SuiteRunner.java:336)
					at org.testng.SuiteRunnerWorker.runSuite(SuiteRunnerWorker.java:52)
					at org.testng.SuiteRunnerWorker.run(SuiteRunnerWorker.java:95)
					at org.testng.TestNG.runSuitesSequentially(TestNG.java:1280)
					at org.testng.TestNG.runSuitesLocally(TestNG.java:1200)
					at org.testng.TestNG.runSuites(TestNG.java:1114)
					at org.testng.TestNG.run(TestNG.java:1082)
					at org.testng.remote.AbstractRemoteTestNG.run(AbstractRemoteTestNG.java:115)
					at org.testng.remote.RemoteTestNG.initAndRun(RemoteTestNG.java:251)
					at org.testng.remote.RemoteTestNG.main(RemoteTestNG.java:77)
				</div>
			</td>
		</tr>
	</table>
	<p class="totop"><a href="#summary">back to summary</a></p>
	<h3 id="m5">testSuite.KSGugCourseTests#selectCourseBCA</h3>
	<table class="result">
		<tr>
			<th>Messages</th>
		</tr>
		<tr>
			<td>
				<div class="messages">This test is failed. its screenshot is kept in
					F:\KSGCollege\KSGAutomationTest\scrsSucess0.021670036820855776.jpeg is sucess. </div>
			</td>
		</tr>
	</table>
	<p class="totop"><a href="#summary">back to summary</a></p>
	<h3 id="m6">testSuite.KSGugCourseTests#selectCourseBcom</h3>
	<table class="result">
		<tr>
			<th>Messages</th>
		</tr>
		<tr>
			<td>
				<div class="messages">This test is failed. its screenshot is kept in
					F:\KSGCollege\KSGAutomationTest\scrsSucess0.021670036820855776.jpeg is sucess. </div>
			</td>
		</tr>
	</table>
	<p class="totop"><a href="#summary">back to summary</a></p>
	<h3 id="m7">testSuite.KSGugCourseTests#selectCourseBcomCA</h3>
	<table class="result">
		<tr>
			<th>Messages</th>
		</tr>
		<tr>
			<td>
				<div class="messages">This test is failed. its screenshot is kept in
					F:\KSGCollege\KSGAutomationTest\scrsSucess0.021670036820855776.jpeg is sucess. </div>
			</td>
		</tr>
	</table>
	<p class="totop"><a href="#summary">back to summary</a></p>
	<h3 id="m8">testSuite.KSGugCourseTests#selectCourseBcomPA</h3>
	<table class="result">
		<tr>
			<th>Messages</th>
		</tr>
		<tr>
			<td>
				<div class="messages">This test is failed. its screenshot is kept in
					F:\KSGCollege\KSGAutomationTest\scrsSucess0.021670036820855776.jpeg is sucess. </div>
			</td>
		</tr>
	</table>
	<p class="totop"><a href="#summary">back to summary</a></p>
	<h3 id="m9">testSuite.KSGugCourseTests#selectCourseBscBT</h3>
	<table class="result">
		<tr>
			<th>Messages</th>
		</tr>
		<tr>
			<td>
				<div class="messages">This test is failed. its screenshot is kept in
					F:\KSGCollege\KSGAutomationTest\scrsSucess0.021670036820855776.jpeg is sucess. </div>
			</td>
		</tr>
	</table>
	<p class="totop"><a href="#summary">back to summary</a></p>
	<h3 id="m10">testSuite.KSGugCourseTests#selectCourseBscCSHM</h3>
	<table class="result">
		<tr>
			<th>Messages</th>
		</tr>
		<tr>
			<td>
				<div class="messages">This test is failed. its screenshot is kept in
					F:\KSGCollege\KSGAutomationTest\scrsSucess0.021670036820855776.jpeg is sucess. </div>
			</td>
		</tr>
	</table>
	<p class="totop"><a href="#summary">back to summary</a></p>
	<h3 id="m11">testSuite.KSGugCourseTests#selectCourseBscComputerScience</h3>
	<table class="result">
		<tr>
			<th>Messages</th>
		</tr>
		<tr>
			<td>
				<div class="messages">This test is failed. its screenshot is kept in
					F:\KSGCollege\KSGAutomationTest\scrsSucess0.021670036820855776.jpeg is sucess. </div>
			</td>
		</tr>
	</table>
	<p class="totop"><a href="#summary">back to summary</a></p>
	<h3 id="m12">testSuite.KSGugCourseTests#selectCourseBscInformationTechnology</h3>
	<table class="result">
		<tr>
			<th>Messages</th>
		</tr>
		<tr>
			<td>
				<div class="messages">This test is failed. its screenshot is kept in
					F:\KSGCollege\KSGAutomationTest\scrsSucess0.021670036820855776.jpeg is sucess. </div>
			</td>
		</tr>
	</table>
	<p class="totop"><a href="#summary">back to summary</a></p>
	<h3 id="m13">testSuite.KSGugCourseTests#selectCourseBscM</h3>
	<table class="result">
		<tr>
			<th>Messages</th>
		</tr>
		<tr>
			<td>
				<div class="messages">This test is failed. its screenshot is kept in
					F:\KSGCollege\KSGAutomationTest\scrsSucess0.021670036820855776.jpeg is sucess. </div>
			</td>
		</tr>
	</table>
	<p class="totop"><a href="#summary">back to summary</a></p>
</body>

</html>